<?xml version="1.0" encoding="UTF-8" ?>
<testsuite failures="0" time="4.444" errors="2" skipped="0" tests="2" name="pl.poznan.put.cs.ify.webify.rest.service.impl.EventQueueServiceTest">
  <properties>
[...]
</properties>
  <testcase time="2.376" classname="pl.poznan.put.cs.ify.webify.rest.service.impl.EventQueueServiceTest" name="p1ushTest">
    <error message="Could not open JPA EntityManager for transaction; nested exception is javax.persistence.PersistenceException: org.hibernate.exception.JDBCConnectionException: Cannot open connection" type="org.springframework.transaction.CannotCreateTransactionException">org.springframework.transaction.CannotCreateTransactionException: Could not open JPA EntityManager for transaction; nested exception is javax.persistence.PersistenceException: org.hibernate.exception.JDBCConnectionException: Cannot open connection
	at org.springframework.orm.jpa.JpaTransactionManager.doBegin(JpaTransactionManager.java:428)
	at org.springframework.transaction.support.AbstractPlatformTransactionManager.getTransaction(AbstractPlatformTransactionManager.java:372)
	at org.springframework.test.context.transaction.TransactionalTestExecutionListener$TransactionContext.startTransaction(TransactionalTestExecutionListener.java:583)
	at org.springframework.test.context.transaction.TransactionalTestExecutionListener.startNewTransaction(TransactionalTestExecutionListener.java:276)
	at org.springframework.test.context.transaction.TransactionalTestExecutionListener.beforeTestMethod(TransactionalTestExecutionListener.java:171)
	at org.springframework.test.context.TestContextManager.beforeTestMethod(TestContextManager.java:349)
	at org.springframework.test.context.junit4.statements.RunBeforeTestMethodCallbacks.evaluate(RunBeforeTestMethodCallbacks.java:73)
	at org.springframework.test.context.junit4.statements.RunAfterTestMethodCallbacks.evaluate(RunAfterTestMethodCallbacks.java:83)
	at org.springframework.test.context.junit4.statements.SpringRepeat.evaluate(SpringRepeat.java:72)
	at org.springframework.test.context.junit4.SpringJUnit4ClassRunner.runChild(SpringJUnit4ClassRunner.java:231)
	at org.springframework.test.context.junit4.SpringJUnit4ClassRunner.runChild(SpringJUnit4ClassRunner.java:88)
	at org.junit.runners.ParentRunner$3.run(ParentRunner.java:238)
	at org.junit.runners.ParentRunner$1.schedule(ParentRunner.java:63)
	at org.junit.runners.ParentRunner.runChildren(ParentRunner.java:236)
	at org.junit.runners.ParentRunner.access$000(ParentRunner.java:53)
	at org.junit.runners.ParentRunner$2.evaluate(ParentRunner.java:229)
	at org.springframework.test.context.junit4.statements.RunBeforeTestClassCallbacks.evaluate(RunBeforeTestClassCallbacks.java:61)
	at org.springframework.test.context.junit4.statements.RunAfterTestClassCallbacks.evaluate(RunAfterTestClassCallbacks.java:71)
	at org.junit.runners.ParentRunner.run(ParentRunner.java:309)
	at org.springframework.test.context.junit4.SpringJUnit4ClassRunner.run(SpringJUnit4ClassRunner.java:174)
	at org.apache.maven.surefire.junit4.JUnit4TestSet.execute(JUnit4TestSet.java:53)
	at org.apache.maven.surefire.junit4.JUnit4Provider.executeTestSet(JUnit4Provider.java:123)
	at org.apache.maven.surefire.junit4.JUnit4Provider.invoke(JUnit4Provider.java:104)
	at sun.reflect.NativeMethodAccessorImpl.invoke0(Native Method)
	at sun.reflect.NativeMethodAccessorImpl.invoke(NativeMethodAccessorImpl.java:39)
	at sun.reflect.DelegatingMethodAccessorImpl.invoke(DelegatingMethodAccessorImpl.java:25)
	at java.lang.reflect.Method.invoke(Method.java:597)
	at org.apache.maven.surefire.util.ReflectionUtils.invokeMethodWithArray(ReflectionUtils.java:164)
	at org.apache.maven.surefire.booter.ProviderFactory$ProviderProxy.invoke(ProviderFactory.java:110)
	at org.apache.maven.surefire.booter.SurefireStarter.invokeProvider(SurefireStarter.java:175)
	at org.apache.maven.surefire.booter.SurefireStarter.runSuitesInProcessWhenForked(SurefireStarter.java:107)
	at org.apache.maven.surefire.booter.ForkedBooter.main(ForkedBooter.java:68)
Caused by: javax.persistence.PersistenceException: org.hibernate.exception.JDBCConnectionException: Cannot open connection
	at org.hibernate.ejb.AbstractEntityManagerImpl.convert(AbstractEntityManagerImpl.java:1387)
	at org.hibernate.ejb.AbstractEntityManagerImpl.convert(AbstractEntityManagerImpl.java:1315)
	at org.hibernate.ejb.AbstractEntityManagerImpl.throwPersistenceException(AbstractEntityManagerImpl.java:1397)
	at org.hibernate.ejb.TransactionImpl.begin(TransactionImpl.java:63)
	at org.springframework.orm.jpa.DefaultJpaDialect.beginTransaction(DefaultJpaDialect.java:71)
	at org.springframework.orm.jpa.JpaTransactionManager.doBegin(JpaTransactionManager.java:378)
	... 31 more
Caused by: org.hibernate.exception.JDBCConnectionException: Cannot open connection
	at org.hibernate.exception.SQLStateConverter.convert(SQLStateConverter.java:99)
	at org.hibernate.exception.JDBCExceptionHelper.convert(JDBCExceptionHelper.java:66)
	at org.hibernate.exception.JDBCExceptionHelper.convert(JDBCExceptionHelper.java:52)
	at org.hibernate.jdbc.ConnectionManager.openConnection(ConnectionManager.java:449)
	at org.hibernate.jdbc.ConnectionManager.getConnection(ConnectionManager.java:167)
	at org.hibernate.jdbc.JDBCContext.connection(JDBCContext.java:160)
	at org.hibernate.transaction.JDBCTransaction.begin(JDBCTransaction.java:81)
	at org.hibernate.impl.SessionImpl.beginTransaction(SessionImpl.java:1473)
	at org.hibernate.ejb.TransactionImpl.begin(TransactionImpl.java:60)
	... 33 more
Caused by: com.mysql.jdbc.exceptions.jdbc4.CommunicationsException: Communications link failure

The last packet sent successfully to the server was 0 milliseconds ago. The driver has not received any packets from the server.
	at sun.reflect.NativeConstructorAccessorImpl.newInstance0(Native Method)
	at sun.reflect.NativeConstructorAccessorImpl.newInstance(NativeConstructorAccessorImpl.java:39)
	at sun.reflect.DelegatingConstructorAccessorImpl.newInstance(DelegatingConstructorAccessorImpl.java:27)
	at java.lang.reflect.Constructor.newInstance(Constructor.java:513)
	at com.mysql.jdbc.Util.handleNewInstance(Util.java:411)
	at com.mysql.jdbc.SQLError.createCommunicationsException(SQLError.java:1117)
	at com.mysql.jdbc.MysqlIO.&lt;init&gt;(MysqlIO.java:355)
	at com.mysql.jdbc.ConnectionImpl.coreConnect(ConnectionImpl.java:2461)
	at com.mysql.jdbc.ConnectionImpl.connectOneTryOnly(ConnectionImpl.java:2498)
	at com.mysql.jdbc.ConnectionImpl.createNewIO(ConnectionImpl.java:2283)
	at com.mysql.jdbc.ConnectionImpl.&lt;init&gt;(ConnectionImpl.java:822)
	at com.mysql.jdbc.JDBC4Connection.&lt;init&gt;(JDBC4Connection.java:47)
	at sun.reflect.NativeConstructorAccessorImpl.newInstance0(Native Method)
	at sun.reflect.NativeConstructorAccessorImpl.newInstance(NativeConstructorAccessorImpl.java:39)
	at sun.reflect.DelegatingConstructorAccessorImpl.newInstance(DelegatingConstructorAccessorImpl.java:27)
	at java.lang.reflect.Constructor.newInstance(Constructor.java:513)
	at com.mysql.jdbc.Util.handleNewInstance(Util.java:411)
	at com.mysql.jdbc.ConnectionImpl.getInstance(ConnectionImpl.java:404)
	at com.mysql.jdbc.NonRegisteringDriver.connect(NonRegisteringDriver.java:317)
	at java.sql.DriverManager.getConnection(DriverManager.java:582)
	at java.sql.DriverManager.getConnection(DriverManager.java:154)
	at org.springframework.jdbc.datasource.DriverManagerDataSource.getConnectionFromDriverManager(DriverManagerDataSource.java:173)
	at org.springframework.jdbc.datasource.DriverManagerDataSource.getConnectionFromDriver(DriverManagerDataSource.java:164)
	at org.springframework.jdbc.datasource.AbstractDriverBasedDataSource.getConnectionFromDriver(AbstractDriverBasedDataSource.java:153)
	at org.springframework.jdbc.datasource.AbstractDriverBasedDataSource.getConnection(AbstractDriverBasedDataSource.java:119)
	at org.hibernate.ejb.connection.InjectedDataSourceConnectionProvider.getConnection(InjectedDataSourceConnectionProvider.java:71)
	at org.hibernate.jdbc.ConnectionManager.openConnection(ConnectionManager.java:446)
	... 38 more
Caused by: java.net.ConnectException: Connection refused: connect
	at java.net.PlainSocketImpl.socketConnect(Native Method)
	at java.net.PlainSocketImpl.doConnect(PlainSocketImpl.java:351)
	at java.net.PlainSocketImpl.connectToAddress(PlainSocketImpl.java:213)
	at java.net.PlainSocketImpl.connect(PlainSocketImpl.java:200)
	at java.net.SocksSocketImpl.connect(SocksSocketImpl.java:366)
	at java.net.Socket.connect(Socket.java:529)
	at java.net.Socket.connect(Socket.java:478)
	at java.net.Socket.&lt;init&gt;(Socket.java:375)
	at java.net.Socket.&lt;init&gt;(Socket.java:218)
	at com.mysql.jdbc.StandardSocketFactory.connect(StandardSocketFactory.java:259)
	at com.mysql.jdbc.MysqlIO.&lt;init&gt;(MysqlIO.java:305)
	... 58 more
</error>
    <system-out>06.01.2014 22:49:18 TRACE (TestContextManager.java:428) - afterTestClass(): class [class pl.poznan.put.cs.ify.webify.data.dao.impl.GroupDAOTest]
06.01.2014 22:49:18 DEBUG (DirtiesContextTestExecutionListener.java:112) - After test class: context [[TestContext@6a0d9205 testClass = GroupDAOTest, testInstance = [null], testMethod = [null], testException = [null], mergedContextConfiguration = [MergedContextConfiguration@5dedb45 testClass = GroupDAOTest, locations = &apos;{classpath:pl/poznan/put/cs/ify/webify/spring-context.xml}&apos;, classes = &apos;{}&apos;, contextInitializerClasses = &apos;[]&apos;, activeProfiles = &apos;{test}&apos;, contextLoader = &apos;org.springframework.test.context.support.DelegatingSmartContextLoader&apos;]]], dirtiesContext [false].
06.01.2014 22:49:18 TRACE (TestContext.java:97) - Retrieved @ContextConfiguration [@org.springframework.test.context.ContextConfiguration(initializers=[], classes=[], locations=[classpath:pl/poznan/put/cs/ify/webify/spring-context.xml], loader=interface org.springframework.test.context.ContextLoader, value=[], inheritLocations=true, inheritInitializers=true)] for class [class pl.poznan.put.cs.ify.webify.rest.service.impl.EventQueueServiceTest]
06.01.2014 22:49:18 TRACE (ContextLoaderUtils.java:215) - Retrieved @ContextConfiguration [@org.springframework.test.context.ContextConfiguration(initializers=[], classes=[], locations=[classpath:pl/poznan/put/cs/ify/webify/spring-context.xml], loader=interface org.springframework.test.context.ContextLoader, value=[], inheritLocations=true, inheritInitializers=true)] for declaring class [pl.poznan.put.cs.ify.webify.rest.service.impl.EventQueueServiceTest].
06.01.2014 22:49:18 TRACE (ContextLoaderUtils.java:222) - Resolved context configuration attributes: [ContextConfigurationAttributes@7848fbc0 declaringClass = &apos;pl.poznan.put.cs.ify.webify.rest.service.impl.EventQueueServiceTest&apos;, locations = &apos;{classpath:pl/poznan/put/cs/ify/webify/spring-context.xml}&apos;, classes = &apos;{}&apos;, inheritLocations = true, initializers = &apos;{}&apos;, inheritInitializers = true, contextLoaderClass = &apos;org.springframework.test.context.ContextLoader&apos;]
06.01.2014 22:49:18 TRACE (ContextLoaderUtils.java:153) - Processing ContextLoader for context configuration attributes [ContextConfigurationAttributes@7848fbc0 declaringClass = &apos;pl.poznan.put.cs.ify.webify.rest.service.impl.EventQueueServiceTest&apos;, locations = &apos;{classpath:pl/poznan/put/cs/ify/webify/spring-context.xml}&apos;, classes = &apos;{}&apos;, inheritLocations = true, initializers = &apos;{}&apos;, inheritInitializers = true, contextLoaderClass = &apos;org.springframework.test.context.ContextLoader&apos;]
06.01.2014 22:49:18 TRACE (ContextLoaderUtils.java:170) - Using default ContextLoader class [org.springframework.test.context.support.DelegatingSmartContextLoader] for test class [pl.poznan.put.cs.ify.webify.rest.service.impl.EventQueueServiceTest]
06.01.2014 22:49:18 TRACE (ContextLoaderUtils.java:369) - Processing locations and classes for context configuration attributes [ContextConfigurationAttributes@7848fbc0 declaringClass = &apos;pl.poznan.put.cs.ify.webify.rest.service.impl.EventQueueServiceTest&apos;, locations = &apos;{classpath:pl/poznan/put/cs/ify/webify/spring-context.xml}&apos;, classes = &apos;{}&apos;, inheritLocations = true, initializers = &apos;{}&apos;, inheritInitializers = true, contextLoaderClass = &apos;org.springframework.test.context.ContextLoader&apos;]
06.01.2014 22:49:18 DEBUG (AbstractDelegatingSmartContextLoader.java:89) - Delegating to GenericXmlContextLoader to process context configuration [ContextConfigurationAttributes@7848fbc0 declaringClass = &apos;pl.poznan.put.cs.ify.webify.rest.service.impl.EventQueueServiceTest&apos;, locations = &apos;{classpath:pl/poznan/put/cs/ify/webify/spring-context.xml}&apos;, classes = &apos;{}&apos;, inheritLocations = true, initializers = &apos;{}&apos;, inheritInitializers = true, contextLoaderClass = &apos;org.springframework.test.context.ContextLoader&apos;].
06.01.2014 22:49:18 TRACE (ContextLoaderUtils.java:261) - Processing context initializers for context configuration attributes [ContextConfigurationAttributes@7848fbc0 declaringClass = &apos;pl.poznan.put.cs.ify.webify.rest.service.impl.EventQueueServiceTest&apos;, locations = &apos;{classpath:pl/poznan/put/cs/ify/webify/spring-context.xml}&apos;, classes = &apos;{}&apos;, inheritLocations = true, initializers = &apos;{}&apos;, inheritInitializers = true, contextLoaderClass = &apos;org.springframework.test.context.ContextLoader&apos;]
06.01.2014 22:49:18 TRACE (ContextLoaderUtils.java:309) - Retrieved @ActiveProfiles [@org.springframework.test.context.ActiveProfiles(inheritProfiles=true, value=[test], profiles=[])] for declaring class [pl.poznan.put.cs.ify.webify.rest.service.impl.EventQueueServiceTest].
06.01.2014 22:49:18 DEBUG (TestContextManager.java:185) - @TestExecutionListeners is not present for class [class pl.poznan.put.cs.ify.webify.rest.service.impl.EventQueueServiceTest]: using defaults.
06.01.2014 22:49:18 TRACE (TestContextManager.java:137) - Registering TestExecutionListener: org.springframework.test.context.web.ServletTestExecutionListener@7f8837f1
06.01.2014 22:49:18 TRACE (TestContextManager.java:137) - Registering TestExecutionListener: org.springframework.test.context.support.DependencyInjectionTestExecutionListener@4810f0a0
06.01.2014 22:49:18 TRACE (TestContextManager.java:137) - Registering TestExecutionListener: org.springframework.test.context.support.DirtiesContextTestExecutionListener@5025bd56
06.01.2014 22:49:18 TRACE (TestContextManager.java:137) - Registering TestExecutionListener: org.springframework.test.context.transaction.TransactionalTestExecutionListener@5db18235
06.01.2014 22:49:18 DEBUG (ProfileValueUtils.java:68) - Retrieved @ProfileValueSourceConfiguration [null] for test class [pl.poznan.put.cs.ify.webify.rest.service.impl.EventQueueServiceTest]
06.01.2014 22:49:18 DEBUG (ProfileValueUtils.java:80) - Retrieved ProfileValueSource type [class org.springframework.test.annotation.SystemProfileValueSource] for class [pl.poznan.put.cs.ify.webify.rest.service.impl.EventQueueServiceTest]
06.01.2014 22:49:18 DEBUG (ProfileValueUtils.java:68) - Retrieved @ProfileValueSourceConfiguration [null] for test class [pl.poznan.put.cs.ify.webify.rest.service.impl.EventQueueServiceTest]
06.01.2014 22:49:18 DEBUG (ProfileValueUtils.java:80) - Retrieved ProfileValueSource type [class org.springframework.test.annotation.SystemProfileValueSource] for class [pl.poznan.put.cs.ify.webify.rest.service.impl.EventQueueServiceTest]
06.01.2014 22:49:18 TRACE (TestContextManager.java:275) - beforeTestClass(): class [class pl.poznan.put.cs.ify.webify.rest.service.impl.EventQueueServiceTest]
06.01.2014 22:49:18 DEBUG (ProfileValueUtils.java:68) - Retrieved @ProfileValueSourceConfiguration [null] for test class [pl.poznan.put.cs.ify.webify.rest.service.impl.EventQueueServiceTest]
06.01.2014 22:49:18 DEBUG (ProfileValueUtils.java:80) - Retrieved ProfileValueSource type [class org.springframework.test.annotation.SystemProfileValueSource] for class [pl.poznan.put.cs.ify.webify.rest.service.impl.EventQueueServiceTest]
06.01.2014 22:49:18 TRACE (TestContextManager.java:307) - prepareTestInstance(): instance [pl.poznan.put.cs.ify.webify.rest.service.impl.EventQueueServiceTest@30db95a1]
06.01.2014 22:49:18 DEBUG (TestContext.java:162) - Retrieved ApplicationContext for test class [class pl.poznan.put.cs.ify.webify.rest.service.impl.EventQueueServiceTest] from cache with key [[MergedContextConfiguration@203c9616 testClass = EventQueueServiceTest, locations = &apos;{classpath:pl/poznan/put/cs/ify/webify/spring-context.xml}&apos;, classes = &apos;{}&apos;, contextInitializerClasses = &apos;[]&apos;, activeProfiles = &apos;{test}&apos;, contextLoader = &apos;org.springframework.test.context.support.DelegatingSmartContextLoader&apos;]].
06.01.2014 22:49:18 DEBUG (DependencyInjectionTestExecutionListener.java:73) - Performing dependency injection for test context [[TestContext@69a18ee2 testClass = EventQueueServiceTest, testInstance = pl.poznan.put.cs.ify.webify.rest.service.impl.EventQueueServiceTest@30db95a1, testMethod = [null], testException = [null], mergedContextConfiguration = [MergedContextConfiguration@203c9616 testClass = EventQueueServiceTest, locations = &apos;{classpath:pl/poznan/put/cs/ify/webify/spring-context.xml}&apos;, classes = &apos;{}&apos;, contextInitializerClasses = &apos;[]&apos;, activeProfiles = &apos;{test}&apos;, contextLoader = &apos;org.springframework.test.context.support.DelegatingSmartContextLoader&apos;]]].
06.01.2014 22:49:18 DEBUG (TestContext.java:162) - Retrieved ApplicationContext for test class [class pl.poznan.put.cs.ify.webify.rest.service.impl.EventQueueServiceTest] from cache with key [[MergedContextConfiguration@203c9616 testClass = EventQueueServiceTest, locations = &apos;{classpath:pl/poznan/put/cs/ify/webify/spring-context.xml}&apos;, classes = &apos;{}&apos;, contextInitializerClasses = &apos;[]&apos;, activeProfiles = &apos;{test}&apos;, contextLoader = &apos;org.springframework.test.context.support.DelegatingSmartContextLoader&apos;]].
06.01.2014 22:49:18 TRACE (CachedIntrospectionResults.java:231) - Getting BeanInfo for class [pl.poznan.put.cs.ify.webify.rest.service.impl.EventQueueServiceTest]
06.01.2014 22:49:18 TRACE (CachedIntrospectionResults.java:259) - Caching PropertyDescriptors for class [pl.poznan.put.cs.ify.webify.rest.service.impl.EventQueueServiceTest]
06.01.2014 22:49:18 TRACE (CachedIntrospectionResults.java:271) - Found bean property &apos;class&apos; of type [java.lang.Class]
06.01.2014 22:49:18 DEBUG (InjectionMetadata.java:85) - Processing injected method of bean &apos;pl.poznan.put.cs.ify.webify.rest.service.impl.EventQueueServiceTest&apos;: AutowiredFieldElement for private pl.poznan.put.cs.ify.webify.service.IEventQueueService pl.poznan.put.cs.ify.webify.rest.service.impl.EventQueueServiceTest.queueService
06.01.2014 22:49:18 DEBUG (AbstractBeanFactory.java:246) - Returning cached instance of singleton bean &apos;eventQueueService&apos;
06.01.2014 22:49:18 DEBUG (AutowiredAnnotationBeanPostProcessor.java:433) - Autowiring by type from bean name &apos;pl.poznan.put.cs.ify.webify.rest.service.impl.EventQueueServiceTest&apos; to bean named &apos;eventQueueService&apos;
06.01.2014 22:49:18 DEBUG (InjectionMetadata.java:85) - Processing injected method of bean &apos;pl.poznan.put.cs.ify.webify.rest.service.impl.EventQueueServiceTest&apos;: AutowiredFieldElement for private pl.poznan.put.cs.ify.webify.data.dao.IEventQueueDAO pl.poznan.put.cs.ify.webify.rest.service.impl.EventQueueServiceTest.queueDAO
06.01.2014 22:49:18 DEBUG (AbstractBeanFactory.java:246) - Returning cached instance of singleton bean &apos;eventQueueDAO&apos;
06.01.2014 22:49:18 DEBUG (AutowiredAnnotationBeanPostProcessor.java:433) - Autowiring by type from bean name &apos;pl.poznan.put.cs.ify.webify.rest.service.impl.EventQueueServiceTest&apos; to bean named &apos;eventQueueDAO&apos;
06.01.2014 22:49:18 DEBUG (InjectionMetadata.java:85) - Processing injected method of bean &apos;pl.poznan.put.cs.ify.webify.rest.service.impl.EventQueueServiceTest&apos;: AutowiredFieldElement for private pl.poznan.put.cs.ify.webify.data.dao.IUserDAO pl.poznan.put.cs.ify.webify.rest.service.impl.EventQueueServiceTest.userDAO
06.01.2014 22:49:18 DEBUG (AbstractBeanFactory.java:246) - Returning cached instance of singleton bean &apos;userDAO&apos;
06.01.2014 22:49:18 DEBUG (AutowiredAnnotationBeanPostProcessor.java:433) - Autowiring by type from bean name &apos;pl.poznan.put.cs.ify.webify.rest.service.impl.EventQueueServiceTest&apos; to bean named &apos;userDAO&apos;
06.01.2014 22:49:18 DEBUG (InjectionMetadata.java:85) - Processing injected method of bean &apos;pl.poznan.put.cs.ify.webify.rest.service.impl.EventQueueServiceTest&apos;: AutowiredFieldElement for private pl.poznan.put.cs.ify.webify.service.IEventQueueService pl.poznan.put.cs.ify.webify.rest.service.impl.EventQueueServiceTest.queueService
06.01.2014 22:49:18 DEBUG (AbstractBeanFactory.java:246) - Returning cached instance of singleton bean &apos;eventQueueService&apos;
06.01.2014 22:49:18 DEBUG (AutowiredAnnotationBeanPostProcessor.java:433) - Autowiring by type from bean name &apos;pl.poznan.put.cs.ify.webify.rest.service.impl.EventQueueServiceTest&apos; to bean named &apos;eventQueueService&apos;
06.01.2014 22:49:18 DEBUG (InjectionMetadata.java:85) - Processing injected method of bean &apos;pl.poznan.put.cs.ify.webify.rest.service.impl.EventQueueServiceTest&apos;: AutowiredFieldElement for private pl.poznan.put.cs.ify.webify.data.dao.IEventQueueDAO pl.poznan.put.cs.ify.webify.rest.service.impl.EventQueueServiceTest.queueDAO
06.01.2014 22:49:18 DEBUG (AbstractBeanFactory.java:246) - Returning cached instance of singleton bean &apos;eventQueueDAO&apos;
06.01.2014 22:49:18 DEBUG (AutowiredAnnotationBeanPostProcessor.java:433) - Autowiring by type from bean name &apos;pl.poznan.put.cs.ify.webify.rest.service.impl.EventQueueServiceTest&apos; to bean named &apos;eventQueueDAO&apos;
06.01.2014 22:49:18 DEBUG (InjectionMetadata.java:85) - Processing injected method of bean &apos;pl.poznan.put.cs.ify.webify.rest.service.impl.EventQueueServiceTest&apos;: AutowiredFieldElement for private pl.poznan.put.cs.ify.webify.data.dao.IUserDAO pl.poznan.put.cs.ify.webify.rest.service.impl.EventQueueServiceTest.userDAO
06.01.2014 22:49:18 DEBUG (AbstractBeanFactory.java:246) - Returning cached instance of singleton bean &apos;userDAO&apos;
06.01.2014 22:49:18 DEBUG (AutowiredAnnotationBeanPostProcessor.java:433) - Autowiring by type from bean name &apos;pl.poznan.put.cs.ify.webify.rest.service.impl.EventQueueServiceTest&apos; to bean named &apos;userDAO&apos;
06.01.2014 22:49:18 DEBUG (AbstractBeanFactory.java:246) - Returning cached instance of singleton bean &apos;org.springframework.transaction.config.internalTransactionAdvisor&apos;
06.01.2014 22:49:18 DEBUG (AbstractBeanFactory.java:246) - Returning cached instance of singleton bean &apos;org.springframework.transaction.config.internalTransactionAdvisor&apos;
06.01.2014 22:49:18 DEBUG (AbstractFallbackTransactionAttributeSource.java:106) - Adding transactional method &apos;init&apos; with attribute: PROPAGATION_REQUIRED,ISOLATION_DEFAULT; &apos;&apos;
06.01.2014 22:49:18 DEBUG (AbstractAutoProxyCreator.java:538) - Creating implicit proxy for bean &apos;pl.poznan.put.cs.ify.webify.rest.service.impl.EventQueueServiceTest&apos; with 0 common interceptors and 1 specific interceptors
06.01.2014 22:49:18 DEBUG (CglibAopProxy.java:155) - Creating CGLIB proxy: target source is SingletonTargetSource for target object [pl.poznan.put.cs.ify.webify.rest.service.impl.EventQueueServiceTest@30db95a1]
06.01.2014 22:49:18 DEBUG (CglibAopProxy.java:808) - Unable to apply any optimisations to advised method: public void pl.poznan.put.cs.ify.webify.rest.service.impl.EventQueueServiceTest.init()
06.01.2014 22:49:18 DEBUG (AbstractFallbackTransactionAttributeSource.java:106) - Adding transactional method &apos;p1ushTest&apos; with attribute: PROPAGATION_REQUIRED,ISOLATION_DEFAULT; &apos;&apos;
06.01.2014 22:49:18 DEBUG (CglibAopProxy.java:808) - Unable to apply any optimisations to advised method: public void pl.poznan.put.cs.ify.webify.rest.service.impl.EventQueueServiceTest.p1ushTest()
06.01.2014 22:49:18 DEBUG (AbstractFallbackTransactionAttributeSource.java:106) - Adding transactional method &apos;pullTest&apos; with attribute: PROPAGATION_REQUIRED,ISOLATION_DEFAULT; &apos;&apos;
06.01.2014 22:49:18 DEBUG (CglibAopProxy.java:808) - Unable to apply any optimisations to advised method: public void pl.poznan.put.cs.ify.webify.rest.service.impl.EventQueueServiceTest.pullTest()
06.01.2014 22:49:18 DEBUG (CglibAopProxy.java:759) - Found finalize() method - using NO_OVERRIDE
06.01.2014 22:49:18 DEBUG (CglibAopProxy.java:771) - Found &apos;equals&apos; method: public boolean java.lang.Object.equals(java.lang.Object)
06.01.2014 22:49:18 DEBUG (CglibAopProxy.java:808) - Unable to apply any optimisations to advised method: public java.lang.String java.lang.Object.toString()
06.01.2014 22:49:18 DEBUG (CglibAopProxy.java:776) - Found &apos;hashCode&apos; method: public native int java.lang.Object.hashCode()
06.01.2014 22:49:18 DEBUG (CglibAopProxy.java:808) - Unable to apply any optimisations to advised method: protected native java.lang.Object java.lang.Object.clone() throws java.lang.CloneNotSupportedException
06.01.2014 22:49:18 DEBUG (CglibAopProxy.java:765) - Method is declared on Advised interface: public abstract int org.springframework.aop.framework.Advised.indexOf(org.aopalliance.aop.Advice)
06.01.2014 22:49:18 DEBUG (CglibAopProxy.java:765) - Method is declared on Advised interface: public abstract int org.springframework.aop.framework.Advised.indexOf(org.springframework.aop.Advisor)
06.01.2014 22:49:18 DEBUG (CglibAopProxy.java:765) - Method is declared on Advised interface: public abstract boolean org.springframework.aop.framework.Advised.isFrozen()
06.01.2014 22:49:18 DEBUG (CglibAopProxy.java:765) - Method is declared on Advised interface: public abstract org.springframework.aop.TargetSource org.springframework.aop.framework.Advised.getTargetSource()
06.01.2014 22:49:18 DEBUG (CglibAopProxy.java:765) - Method is declared on Advised interface: public abstract void org.springframework.aop.framework.Advised.addAdvisor(org.springframework.aop.Advisor) throws org.springframework.aop.framework.AopConfigException
06.01.2014 22:49:18 DEBUG (CglibAopProxy.java:765) - Method is declared on Advised interface: public abstract void org.springframework.aop.framework.Advised.addAdvisor(int,org.springframework.aop.Advisor) throws org.springframework.aop.framework.AopConfigException
06.01.2014 22:49:18 DEBUG (CglibAopProxy.java:765) - Method is declared on Advised interface: public abstract void org.springframework.aop.framework.Advised.setTargetSource(org.springframework.aop.TargetSource)
06.01.2014 22:49:18 DEBUG (CglibAopProxy.java:765) - Method is declared on Advised interface: public abstract void org.springframework.aop.framework.Advised.setPreFiltered(boolean)
06.01.2014 22:49:18 DEBUG (CglibAopProxy.java:765) - Method is declared on Advised interface: public abstract boolean org.springframework.aop.framework.Advised.isProxyTargetClass()
06.01.2014 22:49:18 DEBUG (CglibAopProxy.java:765) - Method is declared on Advised interface: public abstract void org.springframework.aop.framework.Advised.setExposeProxy(boolean)
06.01.2014 22:49:18 DEBUG (CglibAopProxy.java:765) - Method is declared on Advised interface: public abstract boolean org.springframework.aop.framework.Advised.isExposeProxy()
06.01.2014 22:49:18 DEBUG (CglibAopProxy.java:765) - Method is declared on Advised interface: public abstract org.springframework.aop.Advisor[] org.springframework.aop.framework.Advised.getAdvisors()
06.01.2014 22:49:18 DEBUG (CglibAopProxy.java:765) - Method is declared on Advised interface: public abstract void org.springframework.aop.framework.Advised.addAdvice(int,org.aopalliance.aop.Advice) throws org.springframework.aop.framework.AopConfigException
06.01.2014 22:49:18 DEBUG (CglibAopProxy.java:765) - Method is declared on Advised interface: public abstract void org.springframework.aop.framework.Advised.addAdvice(org.aopalliance.aop.Advice) throws org.springframework.aop.framework.AopConfigException
06.01.2014 22:49:18 DEBUG (CglibAopProxy.java:765) - Method is declared on Advised interface: public abstract boolean org.springframework.aop.framework.Advised.isPreFiltered()
06.01.2014 22:49:18 DEBUG (CglibAopProxy.java:765) - Method is declared on Advised interface: public abstract java.lang.Class[] org.springframework.aop.framework.Advised.getProxiedInterfaces()
06.01.2014 22:49:18 DEBUG (CglibAopProxy.java:765) - Method is declared on Advised interface: public abstract boolean org.springframework.aop.framework.Advised.isInterfaceProxied(java.lang.Class)
06.01.2014 22:49:18 DEBUG (CglibAopProxy.java:765) - Method is declared on Advised interface: public abstract boolean org.springframework.aop.framework.Advised.removeAdvisor(org.springframework.aop.Advisor)
06.01.2014 22:49:18 DEBUG (CglibAopProxy.java:765) - Method is declared on Advised interface: public abstract void org.springframework.aop.framework.Advised.removeAdvisor(int) throws org.springframework.aop.framework.AopConfigException
06.01.2014 22:49:18 DEBUG (CglibAopProxy.java:765) - Method is declared on Advised interface: public abstract boolean org.springframework.aop.framework.Advised.replaceAdvisor(org.springframework.aop.Advisor,org.springframework.aop.Advisor) throws org.springframework.aop.framework.AopConfigException
06.01.2014 22:49:18 DEBUG (CglibAopProxy.java:765) - Method is declared on Advised interface: public abstract boolean org.springframework.aop.framework.Advised.removeAdvice(org.aopalliance.aop.Advice)
06.01.2014 22:49:18 DEBUG (CglibAopProxy.java:765) - Method is declared on Advised interface: public abstract java.lang.String org.springframework.aop.framework.Advised.toProxyConfigString()
06.01.2014 22:49:18 DEBUG (CglibAopProxy.java:765) - Method is declared on Advised interface: public abstract java.lang.Class org.springframework.aop.TargetClassAware.getTargetClass()
06.01.2014 22:49:18 TRACE (TestContextManager.java:343) - beforeTestMethod(): instance [pl.poznan.put.cs.ify.webify.rest.service.impl.EventQueueServiceTest@30db95a1], method [public void pl.poznan.put.cs.ify.webify.rest.service.impl.EventQueueServiceTest.p1ushTest()]
06.01.2014 22:49:18 DEBUG (TestContext.java:162) - Retrieved ApplicationContext for test class [class pl.poznan.put.cs.ify.webify.rest.service.impl.EventQueueServiceTest] from cache with key [[MergedContextConfiguration@203c9616 testClass = EventQueueServiceTest, locations = &apos;{classpath:pl/poznan/put/cs/ify/webify/spring-context.xml}&apos;, classes = &apos;{}&apos;, contextInitializerClasses = &apos;[]&apos;, activeProfiles = &apos;{test}&apos;, contextLoader = &apos;org.springframework.test.context.support.DelegatingSmartContextLoader&apos;]].
06.01.2014 22:49:18 DEBUG (AbstractFallbackTransactionAttributeSource.java:106) - Adding transactional method &apos;p1ushTest&apos; with attribute: PROPAGATION_REQUIRED,ISOLATION_DEFAULT; &apos;&apos;
06.01.2014 22:49:18 DEBUG (TransactionalTestExecutionListener.java:162) - Explicit transaction definition [PROPAGATION_REQUIRED,ISOLATION_DEFAULT; &apos;&apos;] found for test context [TestContext@69a18ee2 testClass = EventQueueServiceTest, testInstance = pl.poznan.put.cs.ify.webify.rest.service.impl.EventQueueServiceTest@30db95a1, testMethod = p1ushTest@EventQueueServiceTest, testException = [null], mergedContextConfiguration = [MergedContextConfiguration@203c9616 testClass = EventQueueServiceTest, locations = &apos;{classpath:pl/poznan/put/cs/ify/webify/spring-context.xml}&apos;, classes = &apos;{}&apos;, contextInitializerClasses = &apos;[]&apos;, activeProfiles = &apos;{test}&apos;, contextLoader = &apos;org.springframework.test.context.support.DelegatingSmartContextLoader&apos;]]
06.01.2014 22:49:18 DEBUG (TestContext.java:162) - Retrieved ApplicationContext for test class [class pl.poznan.put.cs.ify.webify.rest.service.impl.EventQueueServiceTest] from cache with key [[MergedContextConfiguration@203c9616 testClass = EventQueueServiceTest, locations = &apos;{classpath:pl/poznan/put/cs/ify/webify/spring-context.xml}&apos;, classes = &apos;{}&apos;, contextInitializerClasses = &apos;[]&apos;, activeProfiles = &apos;{test}&apos;, contextLoader = &apos;org.springframework.test.context.support.DelegatingSmartContextLoader&apos;]].
06.01.2014 22:49:18 DEBUG (TransactionalTestExecutionListener.java:538) - Retrieved @TransactionConfiguration [null] for test class [class pl.poznan.put.cs.ify.webify.rest.service.impl.EventQueueServiceTest]
06.01.2014 22:49:18 DEBUG (TransactionalTestExecutionListener.java:555) - Retrieved TransactionConfigurationAttributes [TransactionConfigurationAttributes@61e58565 transactionManagerName = &apos;transactionManager&apos;, defaultRollback = true] for class [class pl.poznan.put.cs.ify.webify.rest.service.impl.EventQueueServiceTest]
06.01.2014 22:49:18 DEBUG (GenericTypeResolver.java:151) - Resolving return type for [public static org.springframework.beans.factory.aspectj.AnnotationBeanConfigurerAspect org.springframework.beans.factory.aspectj.AnnotationBeanConfigurerAspect.aspectOf()] with concrete method arguments [{}].
06.01.2014 22:49:18 DEBUG (AbstractBeanFactory.java:246) - Returning cached instance of singleton bean &apos;transactionManager&apos;
06.01.2014 22:49:18 DEBUG (AbstractPlatformTransactionManager.java:366) - Creating new transaction with name [p1ushTest]: PROPAGATION_REQUIRED,ISOLATION_DEFAULT; &apos;&apos;
06.01.2014 22:49:18 DEBUG (JpaTransactionManager.java:369) - Opened new EntityManager [org.hibernate.ejb.EntityManagerImpl@12910b0b] for JPA transaction
06.01.2014 22:49:18 DEBUG (DriverManagerDataSource.java:162) - Creating new JDBC DriverManager Connection to [jdbc:mysql://localhost:3306/ify]
06.01.2014 22:49:20 WARN  (JDBCExceptionReporter.java:233) - SQL Error: 0, SQLState: 08S01
06.01.2014 22:49:20 ERROR (JDBCExceptionReporter.java:234) - Communications link failure

The last packet sent successfully to the server was 0 milliseconds ago. The driver has not received any packets from the server.
06.01.2014 22:49:20 DEBUG (EntityManagerFactoryUtils.java:338) - Closing JPA EntityManager
06.01.2014 22:49:20 WARN  (TestContextManager.java:351) - Caught exception while allowing TestExecutionListener [org.springframework.test.context.transaction.TransactionalTestExecutionListener@5db18235] to process &apos;before&apos; execution of test method [public void pl.poznan.put.cs.ify.webify.rest.service.impl.EventQueueServiceTest.p1ushTest()] for test instance [pl.poznan.put.cs.ify.webify.rest.service.impl.EventQueueServiceTest@30db95a1]
org.springframework.transaction.CannotCreateTransactionException: Could not open JPA EntityManager for transaction; nested exception is javax.persistence.PersistenceException: org.hibernate.exception.JDBCConnectionException: Cannot open connection
	at org.springframework.orm.jpa.JpaTransactionManager.doBegin(JpaTransactionManager.java:428)
	at org.springframework.transaction.support.AbstractPlatformTransactionManager.getTransaction(AbstractPlatformTransactionManager.java:372)
	at org.springframework.test.context.transaction.TransactionalTestExecutionListener$TransactionContext.startTransaction(TransactionalTestExecutionListener.java:583)
	at org.springframework.test.context.transaction.TransactionalTestExecutionListener.startNewTransaction(TransactionalTestExecutionListener.java:276)
	at org.springframework.test.context.transaction.TransactionalTestExecutionListener.beforeTestMethod(TransactionalTestExecutionListener.java:171)
	at org.springframework.test.context.TestContextManager.beforeTestMethod(TestContextManager.java:349)
	at org.springframework.test.context.junit4.statements.RunBeforeTestMethodCallbacks.evaluate(RunBeforeTestMethodCallbacks.java:73)
	at org.springframework.test.context.junit4.statements.RunAfterTestMethodCallbacks.evaluate(RunAfterTestMethodCallbacks.java:83)
	at org.springframework.test.context.junit4.statements.SpringRepeat.evaluate(SpringRepeat.java:72)
	at org.springframework.test.context.junit4.SpringJUnit4ClassRunner.runChild(SpringJUnit4ClassRunner.java:231)
	at org.springframework.test.context.junit4.SpringJUnit4ClassRunner.runChild(SpringJUnit4ClassRunner.java:88)
	at org.junit.runners.ParentRunner$3.run(ParentRunner.java:238)
	at org.junit.runners.ParentRunner$1.schedule(ParentRunner.java:63)
	at org.junit.runners.ParentRunner.runChildren(ParentRunner.java:236)
	at org.junit.runners.ParentRunner.access$000(ParentRunner.java:53)
	at org.junit.runners.ParentRunner$2.evaluate(ParentRunner.java:229)
	at org.springframework.test.context.junit4.statements.RunBeforeTestClassCallbacks.evaluate(RunBeforeTestClassCallbacks.java:61)
	at org.springframework.test.context.junit4.statements.RunAfterTestClassCallbacks.evaluate(RunAfterTestClassCallbacks.java:71)
	at org.junit.runners.ParentRunner.run(ParentRunner.java:309)
	at org.springframework.test.context.junit4.SpringJUnit4ClassRunner.run(SpringJUnit4ClassRunner.java:174)
	at org.apache.maven.surefire.junit4.JUnit4TestSet.execute(JUnit4TestSet.java:53)
	at org.apache.maven.surefire.junit4.JUnit4Provider.executeTestSet(JUnit4Provider.java:123)
	at org.apache.maven.surefire.junit4.JUnit4Provider.invoke(JUnit4Provider.java:104)
	at sun.reflect.NativeMethodAccessorImpl.invoke0(Native Method)
	at sun.reflect.NativeMethodAccessorImpl.invoke(NativeMethodAccessorImpl.java:39)
	at sun.reflect.DelegatingMethodAccessorImpl.invoke(DelegatingMethodAccessorImpl.java:25)
	at java.lang.reflect.Method.invoke(Method.java:597)
	at org.apache.maven.surefire.util.ReflectionUtils.invokeMethodWithArray(ReflectionUtils.java:164)
	at org.apache.maven.surefire.booter.ProviderFactory$ProviderProxy.invoke(ProviderFactory.java:110)
	at org.apache.maven.surefire.booter.SurefireStarter.invokeProvider(SurefireStarter.java:175)
	at org.apache.maven.surefire.booter.SurefireStarter.runSuitesInProcessWhenForked(SurefireStarter.java:107)
	at org.apache.maven.surefire.booter.ForkedBooter.main(ForkedBooter.java:68)
Caused by: javax.persistence.PersistenceException: org.hibernate.exception.JDBCConnectionException: Cannot open connection
	at org.hibernate.ejb.AbstractEntityManagerImpl.convert(AbstractEntityManagerImpl.java:1387)
	at org.hibernate.ejb.AbstractEntityManagerImpl.convert(AbstractEntityManagerImpl.java:1315)
	at org.hibernate.ejb.AbstractEntityManagerImpl.throwPersistenceException(AbstractEntityManagerImpl.java:1397)
	at org.hibernate.ejb.TransactionImpl.begin(TransactionImpl.java:63)
	at org.springframework.orm.jpa.DefaultJpaDialect.beginTransaction(DefaultJpaDialect.java:71)
	at org.springframework.orm.jpa.JpaTransactionManager.doBegin(JpaTransactionManager.java:378)
	... 31 more
Caused by: org.hibernate.exception.JDBCConnectionException: Cannot open connection
	at org.hibernate.exception.SQLStateConverter.convert(SQLStateConverter.java:99)
	at org.hibernate.exception.JDBCExceptionHelper.convert(JDBCExceptionHelper.java:66)
	at org.hibernate.exception.JDBCExceptionHelper.convert(JDBCExceptionHelper.java:52)
	at org.hibernate.jdbc.ConnectionManager.openConnection(ConnectionManager.java:449)
	at org.hibernate.jdbc.ConnectionManager.getConnection(ConnectionManager.java:167)
	at org.hibernate.jdbc.JDBCContext.connection(JDBCContext.java:160)
	at org.hibernate.transaction.JDBCTransaction.begin(JDBCTransaction.java:81)
	at org.hibernate.impl.SessionImpl.beginTransaction(SessionImpl.java:1473)
	at org.hibernate.ejb.TransactionImpl.begin(TransactionImpl.java:60)
	... 33 more
Caused by: com.mysql.jdbc.exceptions.jdbc4.CommunicationsException: Communications link failure

The last packet sent successfully to the server was 0 milliseconds ago. The driver has not received any packets from the server.
	at sun.reflect.NativeConstructorAccessorImpl.newInstance0(Native Method)
	at sun.reflect.NativeConstructorAccessorImpl.newInstance(NativeConstructorAccessorImpl.java:39)
	at sun.reflect.DelegatingConstructorAccessorImpl.newInstance(DelegatingConstructorAccessorImpl.java:27)
	at java.lang.reflect.Constructor.newInstance(Constructor.java:513)
	at com.mysql.jdbc.Util.handleNewInstance(Util.java:411)
	at com.mysql.jdbc.SQLError.createCommunicationsException(SQLError.java:1117)
	at com.mysql.jdbc.MysqlIO.&lt;init&gt;(MysqlIO.java:355)
	at com.mysql.jdbc.ConnectionImpl.coreConnect(ConnectionImpl.java:2461)
	at com.mysql.jdbc.ConnectionImpl.connectOneTryOnly(ConnectionImpl.java:2498)
	at com.mysql.jdbc.ConnectionImpl.createNewIO(ConnectionImpl.java:2283)
	at com.mysql.jdbc.ConnectionImpl.&lt;init&gt;(ConnectionImpl.java:822)
	at com.mysql.jdbc.JDBC4Connection.&lt;init&gt;(JDBC4Connection.java:47)
	at sun.reflect.NativeConstructorAccessorImpl.newInstance0(Native Method)
	at sun.reflect.NativeConstructorAccessorImpl.newInstance(NativeConstructorAccessorImpl.java:39)
	at sun.reflect.DelegatingConstructorAccessorImpl.newInstance(DelegatingConstructorAccessorImpl.java:27)
	at java.lang.reflect.Constructor.newInstance(Constructor.java:513)
	at com.mysql.jdbc.Util.handleNewInstance(Util.java:411)
	at com.mysql.jdbc.ConnectionImpl.getInstance(ConnectionImpl.java:404)
	at com.mysql.jdbc.NonRegisteringDriver.connect(NonRegisteringDriver.java:317)
	at java.sql.DriverManager.getConnection(DriverManager.java:582)
	at java.sql.DriverManager.getConnection(DriverManager.java:154)
	at org.springframework.jdbc.datasource.DriverManagerDataSource.getConnectionFromDriverManager(DriverManagerDataSource.java:173)
	at org.springframework.jdbc.datasource.DriverManagerDataSource.getConnectionFromDriver(DriverManagerDataSource.java:164)
	at org.springframework.jdbc.datasource.AbstractDriverBasedDataSource.getConnectionFromDriver(AbstractDriverBasedDataSource.java:153)
	at org.springframework.jdbc.datasource.AbstractDriverBasedDataSource.getConnection(AbstractDriverBasedDataSource.java:119)
	at org.hibernate.ejb.connection.InjectedDataSourceConnectionProvider.getConnection(InjectedDataSourceConnectionProvider.java:71)
	at org.hibernate.jdbc.ConnectionManager.openConnection(ConnectionManager.java:446)
	... 38 more
Caused by: java.net.ConnectException: Connection refused: connect
	at java.net.PlainSocketImpl.socketConnect(Native Method)
	at java.net.PlainSocketImpl.doConnect(PlainSocketImpl.java:351)
	at java.net.PlainSocketImpl.connectToAddress(PlainSocketImpl.java:213)
	at java.net.PlainSocketImpl.connect(PlainSocketImpl.java:200)
	at java.net.SocksSocketImpl.connect(SocksSocketImpl.java:366)
	at java.net.Socket.connect(Socket.java:529)
	at java.net.Socket.connect(Socket.java:478)
	at java.net.Socket.&lt;init&gt;(Socket.java:375)
	at java.net.Socket.&lt;init&gt;(Socket.java:218)
	at com.mysql.jdbc.StandardSocketFactory.connect(StandardSocketFactory.java:259)
	at com.mysql.jdbc.MysqlIO.&lt;init&gt;(MysqlIO.java:305)
	... 58 more
06.01.2014 22:49:20 TRACE (TestContextManager.java:386) - afterTestMethod(): instance [pl.poznan.put.cs.ify.webify.rest.service.impl.EventQueueServiceTest@30db95a1], method [public void pl.poznan.put.cs.ify.webify.rest.service.impl.EventQueueServiceTest.p1ushTest()], exception [org.springframework.transaction.CannotCreateTransactionException: Could not open JPA EntityManager for transaction; nested exception is javax.persistence.PersistenceException: org.hibernate.exception.JDBCConnectionException: Cannot open connection]
06.01.2014 22:49:20 DEBUG (DirtiesContextTestExecutionListener.java:85) - After test method: context [[TestContext@69a18ee2 testClass = EventQueueServiceTest, testInstance = pl.poznan.put.cs.ify.webify.rest.service.impl.EventQueueServiceTest@30db95a1, testMethod = p1ushTest@EventQueueServiceTest, testException = org.springframework.transaction.CannotCreateTransactionException: Could not open JPA EntityManager for transaction; nested exception is javax.persistence.PersistenceException: org.hibernate.exception.JDBCConnectionException: Cannot open connection, mergedContextConfiguration = [MergedContextConfiguration@203c9616 testClass = EventQueueServiceTest, locations = &apos;{classpath:pl/poznan/put/cs/ify/webify/spring-context.xml}&apos;, classes = &apos;{}&apos;, contextInitializerClasses = &apos;[]&apos;, activeProfiles = &apos;{test}&apos;, contextLoader = &apos;org.springframework.test.context.support.DelegatingSmartContextLoader&apos;]]], class dirties context [false], class mode [null], method dirties context [false].
06.01.2014 22:49:20 DEBUG (ServletTestExecutionListener.java:96) - Resetting RequestContextHolder for test context [TestContext@69a18ee2 testClass = EventQueueServiceTest, testInstance = pl.poznan.put.cs.ify.webify.rest.service.impl.EventQueueServiceTest@30db95a1, testMethod = p1ushTest@EventQueueServiceTest, testException = org.springframework.transaction.CannotCreateTransactionException: Could not open JPA EntityManager for transaction; nested exception is javax.persistence.PersistenceException: org.hibernate.exception.JDBCConnectionException: Cannot open connection, mergedContextConfiguration = [MergedContextConfiguration@203c9616 testClass = EventQueueServiceTest, locations = &apos;{classpath:pl/poznan/put/cs/ify/webify/spring-context.xml}&apos;, classes = &apos;{}&apos;, contextInitializerClasses = &apos;[]&apos;, activeProfiles = &apos;{test}&apos;, contextLoader = &apos;org.springframework.test.context.support.DelegatingSmartContextLoader&apos;]].
</system-out>
  </testcase>
  <testcase time="2.031" classname="pl.poznan.put.cs.ify.webify.rest.service.impl.EventQueueServiceTest" name="pullTest">
    <error message="Could not open JPA EntityManager for transaction; nested exception is javax.persistence.PersistenceException: org.hibernate.exception.JDBCConnectionException: Cannot open connection" type="org.springframework.transaction.CannotCreateTransactionException">org.springframework.transaction.CannotCreateTransactionException: Could not open JPA EntityManager for transaction; nested exception is javax.persistence.PersistenceException: org.hibernate.exception.JDBCConnectionException: Cannot open connection
	at org.springframework.orm.jpa.JpaTransactionManager.doBegin(JpaTransactionManager.java:428)
	at org.springframework.transaction.support.AbstractPlatformTransactionManager.getTransaction(AbstractPlatformTransactionManager.java:372)
	at org.springframework.test.context.transaction.TransactionalTestExecutionListener$TransactionContext.startTransaction(TransactionalTestExecutionListener.java:583)
	at org.springframework.test.context.transaction.TransactionalTestExecutionListener.startNewTransaction(TransactionalTestExecutionListener.java:276)
	at org.springframework.test.context.transaction.TransactionalTestExecutionListener.beforeTestMethod(TransactionalTestExecutionListener.java:171)
	at org.springframework.test.context.TestContextManager.beforeTestMethod(TestContextManager.java:349)
	at org.springframework.test.context.junit4.statements.RunBeforeTestMethodCallbacks.evaluate(RunBeforeTestMethodCallbacks.java:73)
	at org.springframework.test.context.junit4.statements.RunAfterTestMethodCallbacks.evaluate(RunAfterTestMethodCallbacks.java:83)
	at org.springframework.test.context.junit4.statements.SpringRepeat.evaluate(SpringRepeat.java:72)
	at org.springframework.test.context.junit4.SpringJUnit4ClassRunner.runChild(SpringJUnit4ClassRunner.java:231)
	at org.springframework.test.context.junit4.SpringJUnit4ClassRunner.runChild(SpringJUnit4ClassRunner.java:88)
	at org.junit.runners.ParentRunner$3.run(ParentRunner.java:238)
	at org.junit.runners.ParentRunner$1.schedule(ParentRunner.java:63)
	at org.junit.runners.ParentRunner.runChildren(ParentRunner.java:236)
	at org.junit.runners.ParentRunner.access$000(ParentRunner.java:53)
	at org.junit.runners.ParentRunner$2.evaluate(ParentRunner.java:229)
	at org.springframework.test.context.junit4.statements.RunBeforeTestClassCallbacks.evaluate(RunBeforeTestClassCallbacks.java:61)
	at org.springframework.test.context.junit4.statements.RunAfterTestClassCallbacks.evaluate(RunAfterTestClassCallbacks.java:71)
	at org.junit.runners.ParentRunner.run(ParentRunner.java:309)
	at org.springframework.test.context.junit4.SpringJUnit4ClassRunner.run(SpringJUnit4ClassRunner.java:174)
	at org.apache.maven.surefire.junit4.JUnit4TestSet.execute(JUnit4TestSet.java:53)
	at org.apache.maven.surefire.junit4.JUnit4Provider.executeTestSet(JUnit4Provider.java:123)
	at org.apache.maven.surefire.junit4.JUnit4Provider.invoke(JUnit4Provider.java:104)
	at sun.reflect.NativeMethodAccessorImpl.invoke0(Native Method)
	at sun.reflect.NativeMethodAccessorImpl.invoke(NativeMethodAccessorImpl.java:39)
	at sun.reflect.DelegatingMethodAccessorImpl.invoke(DelegatingMethodAccessorImpl.java:25)
	at java.lang.reflect.Method.invoke(Method.java:597)
	at org.apache.maven.surefire.util.ReflectionUtils.invokeMethodWithArray(ReflectionUtils.java:164)
	at org.apache.maven.surefire.booter.ProviderFactory$ProviderProxy.invoke(ProviderFactory.java:110)
	at org.apache.maven.surefire.booter.SurefireStarter.invokeProvider(SurefireStarter.java:175)
	at org.apache.maven.surefire.booter.SurefireStarter.runSuitesInProcessWhenForked(SurefireStarter.java:107)
	at org.apache.maven.surefire.booter.ForkedBooter.main(ForkedBooter.java:68)
Caused by: javax.persistence.PersistenceException: org.hibernate.exception.JDBCConnectionException: Cannot open connection
	at org.hibernate.ejb.AbstractEntityManagerImpl.convert(AbstractEntityManagerImpl.java:1387)
	at org.hibernate.ejb.AbstractEntityManagerImpl.convert(AbstractEntityManagerImpl.java:1315)
	at org.hibernate.ejb.AbstractEntityManagerImpl.throwPersistenceException(AbstractEntityManagerImpl.java:1397)
	at org.hibernate.ejb.TransactionImpl.begin(TransactionImpl.java:63)
	at org.springframework.orm.jpa.DefaultJpaDialect.beginTransaction(DefaultJpaDialect.java:71)
	at org.springframework.orm.jpa.JpaTransactionManager.doBegin(JpaTransactionManager.java:378)
	... 31 more
Caused by: org.hibernate.exception.JDBCConnectionException: Cannot open connection
	at org.hibernate.exception.SQLStateConverter.convert(SQLStateConverter.java:99)
	at org.hibernate.exception.JDBCExceptionHelper.convert(JDBCExceptionHelper.java:66)
	at org.hibernate.exception.JDBCExceptionHelper.convert(JDBCExceptionHelper.java:52)
	at org.hibernate.jdbc.ConnectionManager.openConnection(ConnectionManager.java:449)
	at org.hibernate.jdbc.ConnectionManager.getConnection(ConnectionManager.java:167)
	at org.hibernate.jdbc.JDBCContext.connection(JDBCContext.java:160)
	at org.hibernate.transaction.JDBCTransaction.begin(JDBCTransaction.java:81)
	at org.hibernate.impl.SessionImpl.beginTransaction(SessionImpl.java:1473)
	at org.hibernate.ejb.TransactionImpl.begin(TransactionImpl.java:60)
	... 33 more
Caused by: com.mysql.jdbc.exceptions.jdbc4.CommunicationsException: Communications link failure

The last packet sent successfully to the server was 0 milliseconds ago. The driver has not received any packets from the server.
	at sun.reflect.NativeConstructorAccessorImpl.newInstance0(Native Method)
	at sun.reflect.NativeConstructorAccessorImpl.newInstance(NativeConstructorAccessorImpl.java:39)
	at sun.reflect.DelegatingConstructorAccessorImpl.newInstance(DelegatingConstructorAccessorImpl.java:27)
	at java.lang.reflect.Constructor.newInstance(Constructor.java:513)
	at com.mysql.jdbc.Util.handleNewInstance(Util.java:411)
	at com.mysql.jdbc.SQLError.createCommunicationsException(SQLError.java:1117)
	at com.mysql.jdbc.MysqlIO.&lt;init&gt;(MysqlIO.java:355)
	at com.mysql.jdbc.ConnectionImpl.coreConnect(ConnectionImpl.java:2461)
	at com.mysql.jdbc.ConnectionImpl.connectOneTryOnly(ConnectionImpl.java:2498)
	at com.mysql.jdbc.ConnectionImpl.createNewIO(ConnectionImpl.java:2283)
	at com.mysql.jdbc.ConnectionImpl.&lt;init&gt;(ConnectionImpl.java:822)
	at com.mysql.jdbc.JDBC4Connection.&lt;init&gt;(JDBC4Connection.java:47)
	at sun.reflect.NativeConstructorAccessorImpl.newInstance0(Native Method)
	at sun.reflect.NativeConstructorAccessorImpl.newInstance(NativeConstructorAccessorImpl.java:39)
	at sun.reflect.DelegatingConstructorAccessorImpl.newInstance(DelegatingConstructorAccessorImpl.java:27)
	at java.lang.reflect.Constructor.newInstance(Constructor.java:513)
	at com.mysql.jdbc.Util.handleNewInstance(Util.java:411)
	at com.mysql.jdbc.ConnectionImpl.getInstance(ConnectionImpl.java:404)
	at com.mysql.jdbc.NonRegisteringDriver.connect(NonRegisteringDriver.java:317)
	at java.sql.DriverManager.getConnection(DriverManager.java:582)
	at java.sql.DriverManager.getConnection(DriverManager.java:154)
	at org.springframework.jdbc.datasource.DriverManagerDataSource.getConnectionFromDriverManager(DriverManagerDataSource.java:173)
	at org.springframework.jdbc.datasource.DriverManagerDataSource.getConnectionFromDriver(DriverManagerDataSource.java:164)
	at org.springframework.jdbc.datasource.AbstractDriverBasedDataSource.getConnectionFromDriver(AbstractDriverBasedDataSource.java:153)
	at org.springframework.jdbc.datasource.AbstractDriverBasedDataSource.getConnection(AbstractDriverBasedDataSource.java:119)
	at org.hibernate.ejb.connection.InjectedDataSourceConnectionProvider.getConnection(InjectedDataSourceConnectionProvider.java:71)
	at org.hibernate.jdbc.ConnectionManager.openConnection(ConnectionManager.java:446)
	... 38 more
Caused by: java.net.ConnectException: Connection refused: connect
	at java.net.PlainSocketImpl.socketConnect(Native Method)
	at java.net.PlainSocketImpl.doConnect(PlainSocketImpl.java:351)
	at java.net.PlainSocketImpl.connectToAddress(PlainSocketImpl.java:213)
	at java.net.PlainSocketImpl.connect(PlainSocketImpl.java:200)
	at java.net.SocksSocketImpl.connect(SocksSocketImpl.java:366)
	at java.net.Socket.connect(Socket.java:529)
	at java.net.Socket.connect(Socket.java:478)
	at java.net.Socket.&lt;init&gt;(Socket.java:375)
	at java.net.Socket.&lt;init&gt;(Socket.java:218)
	at com.mysql.jdbc.StandardSocketFactory.connect(StandardSocketFactory.java:259)
	at com.mysql.jdbc.MysqlIO.&lt;init&gt;(MysqlIO.java:305)
	... 58 more
</error>
    <system-out>06.01.2014 22:49:20 DEBUG (ProfileValueUtils.java:68) - Retrieved @ProfileValueSourceConfiguration [null] for test class [pl.poznan.put.cs.ify.webify.rest.service.impl.EventQueueServiceTest]
06.01.2014 22:49:20 DEBUG (ProfileValueUtils.java:80) - Retrieved ProfileValueSource type [class org.springframework.test.annotation.SystemProfileValueSource] for class [pl.poznan.put.cs.ify.webify.rest.service.impl.EventQueueServiceTest]
06.01.2014 22:49:20 TRACE (TestContextManager.java:307) - prepareTestInstance(): instance [pl.poznan.put.cs.ify.webify.rest.service.impl.EventQueueServiceTest@10e5f0d2]
06.01.2014 22:49:20 DEBUG (TestContext.java:162) - Retrieved ApplicationContext for test class [class pl.poznan.put.cs.ify.webify.rest.service.impl.EventQueueServiceTest] from cache with key [[MergedContextConfiguration@203c9616 testClass = EventQueueServiceTest, locations = &apos;{classpath:pl/poznan/put/cs/ify/webify/spring-context.xml}&apos;, classes = &apos;{}&apos;, contextInitializerClasses = &apos;[]&apos;, activeProfiles = &apos;{test}&apos;, contextLoader = &apos;org.springframework.test.context.support.DelegatingSmartContextLoader&apos;]].
06.01.2014 22:49:20 DEBUG (DependencyInjectionTestExecutionListener.java:73) - Performing dependency injection for test context [[TestContext@69a18ee2 testClass = EventQueueServiceTest, testInstance = pl.poznan.put.cs.ify.webify.rest.service.impl.EventQueueServiceTest@10e5f0d2, testMethod = [null], testException = [null], mergedContextConfiguration = [MergedContextConfiguration@203c9616 testClass = EventQueueServiceTest, locations = &apos;{classpath:pl/poznan/put/cs/ify/webify/spring-context.xml}&apos;, classes = &apos;{}&apos;, contextInitializerClasses = &apos;[]&apos;, activeProfiles = &apos;{test}&apos;, contextLoader = &apos;org.springframework.test.context.support.DelegatingSmartContextLoader&apos;]]].
06.01.2014 22:49:20 DEBUG (TestContext.java:162) - Retrieved ApplicationContext for test class [class pl.poznan.put.cs.ify.webify.rest.service.impl.EventQueueServiceTest] from cache with key [[MergedContextConfiguration@203c9616 testClass = EventQueueServiceTest, locations = &apos;{classpath:pl/poznan/put/cs/ify/webify/spring-context.xml}&apos;, classes = &apos;{}&apos;, contextInitializerClasses = &apos;[]&apos;, activeProfiles = &apos;{test}&apos;, contextLoader = &apos;org.springframework.test.context.support.DelegatingSmartContextLoader&apos;]].
06.01.2014 22:49:20 DEBUG (InjectionMetadata.java:85) - Processing injected method of bean &apos;pl.poznan.put.cs.ify.webify.rest.service.impl.EventQueueServiceTest&apos;: AutowiredFieldElement for private pl.poznan.put.cs.ify.webify.service.IEventQueueService pl.poznan.put.cs.ify.webify.rest.service.impl.EventQueueServiceTest.queueService
06.01.2014 22:49:20 DEBUG (AbstractBeanFactory.java:246) - Returning cached instance of singleton bean &apos;eventQueueService&apos;
06.01.2014 22:49:20 DEBUG (InjectionMetadata.java:85) - Processing injected method of bean &apos;pl.poznan.put.cs.ify.webify.rest.service.impl.EventQueueServiceTest&apos;: AutowiredFieldElement for private pl.poznan.put.cs.ify.webify.data.dao.IEventQueueDAO pl.poznan.put.cs.ify.webify.rest.service.impl.EventQueueServiceTest.queueDAO
06.01.2014 22:49:20 DEBUG (AbstractBeanFactory.java:246) - Returning cached instance of singleton bean &apos;eventQueueDAO&apos;
06.01.2014 22:49:20 DEBUG (InjectionMetadata.java:85) - Processing injected method of bean &apos;pl.poznan.put.cs.ify.webify.rest.service.impl.EventQueueServiceTest&apos;: AutowiredFieldElement for private pl.poznan.put.cs.ify.webify.data.dao.IUserDAO pl.poznan.put.cs.ify.webify.rest.service.impl.EventQueueServiceTest.userDAO
06.01.2014 22:49:20 DEBUG (AbstractBeanFactory.java:246) - Returning cached instance of singleton bean &apos;userDAO&apos;
06.01.2014 22:49:20 DEBUG (InjectionMetadata.java:85) - Processing injected method of bean &apos;pl.poznan.put.cs.ify.webify.rest.service.impl.EventQueueServiceTest&apos;: AutowiredFieldElement for private pl.poznan.put.cs.ify.webify.service.IEventQueueService pl.poznan.put.cs.ify.webify.rest.service.impl.EventQueueServiceTest.queueService
06.01.2014 22:49:20 DEBUG (AbstractBeanFactory.java:246) - Returning cached instance of singleton bean &apos;eventQueueService&apos;
06.01.2014 22:49:20 DEBUG (InjectionMetadata.java:85) - Processing injected method of bean &apos;pl.poznan.put.cs.ify.webify.rest.service.impl.EventQueueServiceTest&apos;: AutowiredFieldElement for private pl.poznan.put.cs.ify.webify.data.dao.IEventQueueDAO pl.poznan.put.cs.ify.webify.rest.service.impl.EventQueueServiceTest.queueDAO
06.01.2014 22:49:20 DEBUG (AbstractBeanFactory.java:246) - Returning cached instance of singleton bean &apos;eventQueueDAO&apos;
06.01.2014 22:49:20 DEBUG (InjectionMetadata.java:85) - Processing injected method of bean &apos;pl.poznan.put.cs.ify.webify.rest.service.impl.EventQueueServiceTest&apos;: AutowiredFieldElement for private pl.poznan.put.cs.ify.webify.data.dao.IUserDAO pl.poznan.put.cs.ify.webify.rest.service.impl.EventQueueServiceTest.userDAO
06.01.2014 22:49:20 DEBUG (AbstractBeanFactory.java:246) - Returning cached instance of singleton bean &apos;userDAO&apos;
06.01.2014 22:49:20 DEBUG (AbstractBeanFactory.java:246) - Returning cached instance of singleton bean &apos;org.springframework.transaction.config.internalTransactionAdvisor&apos;
06.01.2014 22:49:20 DEBUG (AbstractBeanFactory.java:246) - Returning cached instance of singleton bean &apos;org.springframework.transaction.config.internalTransactionAdvisor&apos;
06.01.2014 22:49:20 DEBUG (AbstractAutoProxyCreator.java:538) - Creating implicit proxy for bean &apos;pl.poznan.put.cs.ify.webify.rest.service.impl.EventQueueServiceTest&apos; with 0 common interceptors and 1 specific interceptors
06.01.2014 22:49:20 DEBUG (CglibAopProxy.java:155) - Creating CGLIB proxy: target source is SingletonTargetSource for target object [pl.poznan.put.cs.ify.webify.rest.service.impl.EventQueueServiceTest@10e5f0d2]
06.01.2014 22:49:20 TRACE (TestContextManager.java:343) - beforeTestMethod(): instance [pl.poznan.put.cs.ify.webify.rest.service.impl.EventQueueServiceTest@10e5f0d2], method [public void pl.poznan.put.cs.ify.webify.rest.service.impl.EventQueueServiceTest.pullTest()]
06.01.2014 22:49:20 DEBUG (TestContext.java:162) - Retrieved ApplicationContext for test class [class pl.poznan.put.cs.ify.webify.rest.service.impl.EventQueueServiceTest] from cache with key [[MergedContextConfiguration@203c9616 testClass = EventQueueServiceTest, locations = &apos;{classpath:pl/poznan/put/cs/ify/webify/spring-context.xml}&apos;, classes = &apos;{}&apos;, contextInitializerClasses = &apos;[]&apos;, activeProfiles = &apos;{test}&apos;, contextLoader = &apos;org.springframework.test.context.support.DelegatingSmartContextLoader&apos;]].
06.01.2014 22:49:20 DEBUG (AbstractFallbackTransactionAttributeSource.java:106) - Adding transactional method &apos;pullTest&apos; with attribute: PROPAGATION_REQUIRED,ISOLATION_DEFAULT; &apos;&apos;
06.01.2014 22:49:20 DEBUG (TransactionalTestExecutionListener.java:162) - Explicit transaction definition [PROPAGATION_REQUIRED,ISOLATION_DEFAULT; &apos;&apos;] found for test context [TestContext@69a18ee2 testClass = EventQueueServiceTest, testInstance = pl.poznan.put.cs.ify.webify.rest.service.impl.EventQueueServiceTest@10e5f0d2, testMethod = pullTest@EventQueueServiceTest, testException = [null], mergedContextConfiguration = [MergedContextConfiguration@203c9616 testClass = EventQueueServiceTest, locations = &apos;{classpath:pl/poznan/put/cs/ify/webify/spring-context.xml}&apos;, classes = &apos;{}&apos;, contextInitializerClasses = &apos;[]&apos;, activeProfiles = &apos;{test}&apos;, contextLoader = &apos;org.springframework.test.context.support.DelegatingSmartContextLoader&apos;]]
06.01.2014 22:49:20 DEBUG (TestContext.java:162) - Retrieved ApplicationContext for test class [class pl.poznan.put.cs.ify.webify.rest.service.impl.EventQueueServiceTest] from cache with key [[MergedContextConfiguration@203c9616 testClass = EventQueueServiceTest, locations = &apos;{classpath:pl/poznan/put/cs/ify/webify/spring-context.xml}&apos;, classes = &apos;{}&apos;, contextInitializerClasses = &apos;[]&apos;, activeProfiles = &apos;{test}&apos;, contextLoader = &apos;org.springframework.test.context.support.DelegatingSmartContextLoader&apos;]].
06.01.2014 22:49:20 DEBUG (AbstractBeanFactory.java:246) - Returning cached instance of singleton bean &apos;transactionManager&apos;
06.01.2014 22:49:20 DEBUG (AbstractPlatformTransactionManager.java:366) - Creating new transaction with name [pullTest]: PROPAGATION_REQUIRED,ISOLATION_DEFAULT; &apos;&apos;
06.01.2014 22:49:20 DEBUG (JpaTransactionManager.java:369) - Opened new EntityManager [org.hibernate.ejb.EntityManagerImpl@682573a8] for JPA transaction
06.01.2014 22:49:20 DEBUG (DriverManagerDataSource.java:162) - Creating new JDBC DriverManager Connection to [jdbc:mysql://localhost:3306/ify]
06.01.2014 22:49:22 WARN  (JDBCExceptionReporter.java:233) - SQL Error: 0, SQLState: 08S01
06.01.2014 22:49:22 ERROR (JDBCExceptionReporter.java:234) - Communications link failure

The last packet sent successfully to the server was 0 milliseconds ago. The driver has not received any packets from the server.
06.01.2014 22:49:22 DEBUG (EntityManagerFactoryUtils.java:338) - Closing JPA EntityManager
06.01.2014 22:49:22 WARN  (TestContextManager.java:351) - Caught exception while allowing TestExecutionListener [org.springframework.test.context.transaction.TransactionalTestExecutionListener@5db18235] to process &apos;before&apos; execution of test method [public void pl.poznan.put.cs.ify.webify.rest.service.impl.EventQueueServiceTest.pullTest()] for test instance [pl.poznan.put.cs.ify.webify.rest.service.impl.EventQueueServiceTest@10e5f0d2]
org.springframework.transaction.CannotCreateTransactionException: Could not open JPA EntityManager for transaction; nested exception is javax.persistence.PersistenceException: org.hibernate.exception.JDBCConnectionException: Cannot open connection
	at org.springframework.orm.jpa.JpaTransactionManager.doBegin(JpaTransactionManager.java:428)
	at org.springframework.transaction.support.AbstractPlatformTransactionManager.getTransaction(AbstractPlatformTransactionManager.java:372)
	at org.springframework.test.context.transaction.TransactionalTestExecutionListener$TransactionContext.startTransaction(TransactionalTestExecutionListener.java:583)
	at org.springframework.test.context.transaction.TransactionalTestExecutionListener.startNewTransaction(TransactionalTestExecutionListener.java:276)
	at org.springframework.test.context.transaction.TransactionalTestExecutionListener.beforeTestMethod(TransactionalTestExecutionListener.java:171)
	at org.springframework.test.context.TestContextManager.beforeTestMethod(TestContextManager.java:349)
	at org.springframework.test.context.junit4.statements.RunBeforeTestMethodCallbacks.evaluate(RunBeforeTestMethodCallbacks.java:73)
	at org.springframework.test.context.junit4.statements.RunAfterTestMethodCallbacks.evaluate(RunAfterTestMethodCallbacks.java:83)
	at org.springframework.test.context.junit4.statements.SpringRepeat.evaluate(SpringRepeat.java:72)
	at org.springframework.test.context.junit4.SpringJUnit4ClassRunner.runChild(SpringJUnit4ClassRunner.java:231)
	at org.springframework.test.context.junit4.SpringJUnit4ClassRunner.runChild(SpringJUnit4ClassRunner.java:88)
	at org.junit.runners.ParentRunner$3.run(ParentRunner.java:238)
	at org.junit.runners.ParentRunner$1.schedule(ParentRunner.java:63)
	at org.junit.runners.ParentRunner.runChildren(ParentRunner.java:236)
	at org.junit.runners.ParentRunner.access$000(ParentRunner.java:53)
	at org.junit.runners.ParentRunner$2.evaluate(ParentRunner.java:229)
	at org.springframework.test.context.junit4.statements.RunBeforeTestClassCallbacks.evaluate(RunBeforeTestClassCallbacks.java:61)
	at org.springframework.test.context.junit4.statements.RunAfterTestClassCallbacks.evaluate(RunAfterTestClassCallbacks.java:71)
	at org.junit.runners.ParentRunner.run(ParentRunner.java:309)
	at org.springframework.test.context.junit4.SpringJUnit4ClassRunner.run(SpringJUnit4ClassRunner.java:174)
	at org.apache.maven.surefire.junit4.JUnit4TestSet.execute(JUnit4TestSet.java:53)
	at org.apache.maven.surefire.junit4.JUnit4Provider.executeTestSet(JUnit4Provider.java:123)
	at org.apache.maven.surefire.junit4.JUnit4Provider.invoke(JUnit4Provider.java:104)
	at sun.reflect.NativeMethodAccessorImpl.invoke0(Native Method)
	at sun.reflect.NativeMethodAccessorImpl.invoke(NativeMethodAccessorImpl.java:39)
	at sun.reflect.DelegatingMethodAccessorImpl.invoke(DelegatingMethodAccessorImpl.java:25)
	at java.lang.reflect.Method.invoke(Method.java:597)
	at org.apache.maven.surefire.util.ReflectionUtils.invokeMethodWithArray(ReflectionUtils.java:164)
	at org.apache.maven.surefire.booter.ProviderFactory$ProviderProxy.invoke(ProviderFactory.java:110)
	at org.apache.maven.surefire.booter.SurefireStarter.invokeProvider(SurefireStarter.java:175)
	at org.apache.maven.surefire.booter.SurefireStarter.runSuitesInProcessWhenForked(SurefireStarter.java:107)
	at org.apache.maven.surefire.booter.ForkedBooter.main(ForkedBooter.java:68)
Caused by: javax.persistence.PersistenceException: org.hibernate.exception.JDBCConnectionException: Cannot open connection
	at org.hibernate.ejb.AbstractEntityManagerImpl.convert(AbstractEntityManagerImpl.java:1387)
	at org.hibernate.ejb.AbstractEntityManagerImpl.convert(AbstractEntityManagerImpl.java:1315)
	at org.hibernate.ejb.AbstractEntityManagerImpl.throwPersistenceException(AbstractEntityManagerImpl.java:1397)
	at org.hibernate.ejb.TransactionImpl.begin(TransactionImpl.java:63)
	at org.springframework.orm.jpa.DefaultJpaDialect.beginTransaction(DefaultJpaDialect.java:71)
	at org.springframework.orm.jpa.JpaTransactionManager.doBegin(JpaTransactionManager.java:378)
	... 31 more
Caused by: org.hibernate.exception.JDBCConnectionException: Cannot open connection
	at org.hibernate.exception.SQLStateConverter.convert(SQLStateConverter.java:99)
	at org.hibernate.exception.JDBCExceptionHelper.convert(JDBCExceptionHelper.java:66)
	at org.hibernate.exception.JDBCExceptionHelper.convert(JDBCExceptionHelper.java:52)
	at org.hibernate.jdbc.ConnectionManager.openConnection(ConnectionManager.java:449)
	at org.hibernate.jdbc.ConnectionManager.getConnection(ConnectionManager.java:167)
	at org.hibernate.jdbc.JDBCContext.connection(JDBCContext.java:160)
	at org.hibernate.transaction.JDBCTransaction.begin(JDBCTransaction.java:81)
	at org.hibernate.impl.SessionImpl.beginTransaction(SessionImpl.java:1473)
	at org.hibernate.ejb.TransactionImpl.begin(TransactionImpl.java:60)
	... 33 more
Caused by: com.mysql.jdbc.exceptions.jdbc4.CommunicationsException: Communications link failure

The last packet sent successfully to the server was 0 milliseconds ago. The driver has not received any packets from the server.
	at sun.reflect.NativeConstructorAccessorImpl.newInstance0(Native Method)
	at sun.reflect.NativeConstructorAccessorImpl.newInstance(NativeConstructorAccessorImpl.java:39)
	at sun.reflect.DelegatingConstructorAccessorImpl.newInstance(DelegatingConstructorAccessorImpl.java:27)
	at java.lang.reflect.Constructor.newInstance(Constructor.java:513)
	at com.mysql.jdbc.Util.handleNewInstance(Util.java:411)
	at com.mysql.jdbc.SQLError.createCommunicationsException(SQLError.java:1117)
	at com.mysql.jdbc.MysqlIO.&lt;init&gt;(MysqlIO.java:355)
	at com.mysql.jdbc.ConnectionImpl.coreConnect(ConnectionImpl.java:2461)
	at com.mysql.jdbc.ConnectionImpl.connectOneTryOnly(ConnectionImpl.java:2498)
	at com.mysql.jdbc.ConnectionImpl.createNewIO(ConnectionImpl.java:2283)
	at com.mysql.jdbc.ConnectionImpl.&lt;init&gt;(ConnectionImpl.java:822)
	at com.mysql.jdbc.JDBC4Connection.&lt;init&gt;(JDBC4Connection.java:47)
	at sun.reflect.NativeConstructorAccessorImpl.newInstance0(Native Method)
	at sun.reflect.NativeConstructorAccessorImpl.newInstance(NativeConstructorAccessorImpl.java:39)
	at sun.reflect.DelegatingConstructorAccessorImpl.newInstance(DelegatingConstructorAccessorImpl.java:27)
	at java.lang.reflect.Constructor.newInstance(Constructor.java:513)
	at com.mysql.jdbc.Util.handleNewInstance(Util.java:411)
	at com.mysql.jdbc.ConnectionImpl.getInstance(ConnectionImpl.java:404)
	at com.mysql.jdbc.NonRegisteringDriver.connect(NonRegisteringDriver.java:317)
	at java.sql.DriverManager.getConnection(DriverManager.java:582)
	at java.sql.DriverManager.getConnection(DriverManager.java:154)
	at org.springframework.jdbc.datasource.DriverManagerDataSource.getConnectionFromDriverManager(DriverManagerDataSource.java:173)
	at org.springframework.jdbc.datasource.DriverManagerDataSource.getConnectionFromDriver(DriverManagerDataSource.java:164)
	at org.springframework.jdbc.datasource.AbstractDriverBasedDataSource.getConnectionFromDriver(AbstractDriverBasedDataSource.java:153)
	at org.springframework.jdbc.datasource.AbstractDriverBasedDataSource.getConnection(AbstractDriverBasedDataSource.java:119)
	at org.hibernate.ejb.connection.InjectedDataSourceConnectionProvider.getConnection(InjectedDataSourceConnectionProvider.java:71)
	at org.hibernate.jdbc.ConnectionManager.openConnection(ConnectionManager.java:446)
	... 38 more
Caused by: java.net.ConnectException: Connection refused: connect
	at java.net.PlainSocketImpl.socketConnect(Native Method)
	at java.net.PlainSocketImpl.doConnect(PlainSocketImpl.java:351)
	at java.net.PlainSocketImpl.connectToAddress(PlainSocketImpl.java:213)
	at java.net.PlainSocketImpl.connect(PlainSocketImpl.java:200)
	at java.net.SocksSocketImpl.connect(SocksSocketImpl.java:366)
	at java.net.Socket.connect(Socket.java:529)
	at java.net.Socket.connect(Socket.java:478)
	at java.net.Socket.&lt;init&gt;(Socket.java:375)
	at java.net.Socket.&lt;init&gt;(Socket.java:218)
	at com.mysql.jdbc.StandardSocketFactory.connect(StandardSocketFactory.java:259)
	at com.mysql.jdbc.MysqlIO.&lt;init&gt;(MysqlIO.java:305)
	... 58 more
06.01.2014 22:49:22 TRACE (TestContextManager.java:386) - afterTestMethod(): instance [pl.poznan.put.cs.ify.webify.rest.service.impl.EventQueueServiceTest@10e5f0d2], method [public void pl.poznan.put.cs.ify.webify.rest.service.impl.EventQueueServiceTest.pullTest()], exception [org.springframework.transaction.CannotCreateTransactionException: Could not open JPA EntityManager for transaction; nested exception is javax.persistence.PersistenceException: org.hibernate.exception.JDBCConnectionException: Cannot open connection]
06.01.2014 22:49:22 DEBUG (DirtiesContextTestExecutionListener.java:85) - After test method: context [[TestContext@69a18ee2 testClass = EventQueueServiceTest, testInstance = pl.poznan.put.cs.ify.webify.rest.service.impl.EventQueueServiceTest@10e5f0d2, testMethod = pullTest@EventQueueServiceTest, testException = org.springframework.transaction.CannotCreateTransactionException: Could not open JPA EntityManager for transaction; nested exception is javax.persistence.PersistenceException: org.hibernate.exception.JDBCConnectionException: Cannot open connection, mergedContextConfiguration = [MergedContextConfiguration@203c9616 testClass = EventQueueServiceTest, locations = &apos;{classpath:pl/poznan/put/cs/ify/webify/spring-context.xml}&apos;, classes = &apos;{}&apos;, contextInitializerClasses = &apos;[]&apos;, activeProfiles = &apos;{test}&apos;, contextLoader = &apos;org.springframework.test.context.support.DelegatingSmartContextLoader&apos;]]], class dirties context [false], class mode [null], method dirties context [false].
06.01.2014 22:49:22 DEBUG (ServletTestExecutionListener.java:96) - Resetting RequestContextHolder for test context [TestContext@69a18ee2 testClass = EventQueueServiceTest, testInstance = pl.poznan.put.cs.ify.webify.rest.service.impl.EventQueueServiceTest@10e5f0d2, testMethod = pullTest@EventQueueServiceTest, testException = org.springframework.transaction.CannotCreateTransactionException: Could not open JPA EntityManager for transaction; nested exception is javax.persistence.PersistenceException: org.hibernate.exception.JDBCConnectionException: Cannot open connection, mergedContextConfiguration = [MergedContextConfiguration@203c9616 testClass = EventQueueServiceTest, locations = &apos;{classpath:pl/poznan/put/cs/ify/webify/spring-context.xml}&apos;, classes = &apos;{}&apos;, contextInitializerClasses = &apos;[]&apos;, activeProfiles = &apos;{test}&apos;, contextLoader = &apos;org.springframework.test.context.support.DelegatingSmartContextLoader&apos;]].
</system-out>
  </testcase>
</testsuite>